2025-07-15 16:21:37,206 - INFO - services.picker_service - Access token refrescado; seller_id=209611492
2025-07-15 16:24:18,248 - INFO - services.picker_service - Access token refrescado; seller_id=209611492
2025-07-15 16:26:12,700 - INFO - services.picker_service - Access token refrescado; seller_id=209611492
2025-07-15 16:29:46,735 - INFO - services.picker_service - Access token refrescado; seller_id=209611492
2025-07-15 16:32:41,057 - INFO - services.picker_service - Access token refrescado; seller_id=209611492
2025-07-15 16:32:42,084 - INFO - services.picker_service - 67 pedidos cargados
2025-07-15 16:34:08,902 - INFO - services.picker_service - 67 pedidos cargados
2025-07-15 16:34:13,519 - INFO - services.picker_service - 67 pedidos cargados
2025-07-15 16:44:45,014 - INFO - services.picker_service - Access token refrescado; seller_id=209611492
2025-07-15 16:44:46,391 - INFO - services.picker_service - 103 pedidos cargados
2025-07-15 16:47:16,181 - INFO - services.picker_service - Access token refrescado; seller_id=209611492
2025-07-15 16:47:16,831 - INFO - services.picker_service - 43 pedidos cargados
2025-07-15 16:48:17,120 - INFO - services.picker_service - Access token refrescado; seller_id=209611492
2025-07-15 16:48:17,781 - INFO - services.picker_service - 43 pedidos cargados
2025-07-15 16:48:24,760 - INFO - services.picker_service - 43 pedidos cargados
2025-07-15 16:48:32,878 - INFO - services.picker_service - 103 pedidos cargados
2025-07-15 16:48:40,891 - INFO - services.picker_service - 103 pedidos cargados
2025-07-15 16:49:57,999 - INFO - services.picker_service - Access token refrescado; seller_id=209611492
2025-07-15 16:49:58,245 - INFO - services.picker_service - 43 pedidos cargados
2025-07-15 17:00:39,975 - INFO - services.picker_service - Access token refrescado; seller_id=209611492
2025-07-15 17:00:40,869 - INFO - services.picker_service - 67 pedidos cargados
2025-07-15 17:00:50,290 - INFO - services.picker_service - 67 pedidos cargados
2025-07-15 17:00:54,212 - INFO - services.picker_service - 67 pedidos cargados
2025-07-15 17:06:39,148 - INFO - services.picker_service - Access token refrescado; seller_id=209611492
2025-07-15 17:06:40,394 - INFO - services.picker_service - 103 pedidos cargados
2025-07-15 17:06:43,881 - INFO - services.picker_service - 103 pedidos cargados
2025-07-15 17:06:46,690 - INFO - services.picker_service - 103 pedidos cargados
2025-07-16 08:20:19,127 - INFO - services.picker_service - Access token refrescado; seller_id=209611492
2025-07-16 08:20:19,864 - INFO - services.picker_service - 58 pedidos cargados
2025-07-16 08:20:29,183 - INFO - services.picker_service - 58 pedidos cargados
2025-07-16 08:22:44,650 - INFO - services.picker_service - Access token refrescado; seller_id=209611492
2025-07-16 08:22:45,519 - INFO - services.picker_service - 58 pedidos cargados
2025-07-16 08:50:44,169 - INFO - services.picker_service - Access token refrescado; seller_id=209611492
2025-07-16 08:50:45,637 - INFO - services.picker_service - 58 pedidos cargados
2025-07-16 08:51:08,235 - INFO - services.picker_service - 118 pedidos cargados
2025-07-16 08:51:16,664 - INFO - services.picker_service - Access token refrescado; seller_id=209611492
2025-07-16 08:51:17,807 - INFO - services.picker_service - 58 pedidos cargados
2025-07-16 08:51:50,164 - INFO - services.picker_service - Access token refrescado; seller_id=209611492
2025-07-16 08:51:51,311 - INFO - services.picker_service - 118 pedidos cargados
2025-07-16 08:56:57,049 - INFO - services.picker_service - Access token refrescado; seller_id=209611492
2025-07-16 08:56:58,055 - INFO - services.picker_service - 58 pedidos cargados
2025-07-16 08:57:06,921 - INFO - services.picker_service - 58 pedidos cargados
2025-07-16 08:57:10,044 - INFO - services.picker_service - 58 pedidos cargados
2025-07-16 08:57:15,360 - INFO - services.picker_service - 118 pedidos cargados
2025-07-16 08:57:19,000 - INFO - services.picker_service - 118 pedidos cargados
2025-07-16 08:59:06,092 - INFO - services.picker_service - Access token refrescado; seller_id=209611492
2025-07-16 08:59:06,952 - INFO - services.picker_service - 58 pedidos cargados
2025-07-16 08:59:15,026 - INFO - services.picker_service - 118 pedidos cargados
2025-07-16 08:59:21,072 - INFO - services.picker_service - 118 pedidos cargados
2025-07-16 09:02:22,894 - INFO - services.picker_service - Access token refrescado; seller_id=209611492
2025-07-16 09:02:23,919 - INFO - services.picker_service - 58 pedidos cargados
2025-07-16 09:02:34,117 - INFO - services.picker_service - 58 pedidos cargados
2025-07-16 09:02:55,086 - INFO - services.picker_service - 118 pedidos cargados
2025-07-16 09:09:01,794 - INFO - services.picker_service - Access token refrescado; seller_id=209611492
2025-07-16 09:09:27,635 - INFO - services.picker_service - 58 pedidos cargados
2025-07-16 09:10:18,404 - INFO - services.picker_service - Access token refrescado; seller_id=209611492
2025-07-16 09:10:44,857 - INFO - services.picker_service - 58 pedidos cargados
2025-07-16 09:17:27,036 - INFO - services.picker_service - 59 pedidos cargados
2025-07-16 09:32:40,978 - INFO - services.picker_service - Access token refrescado; seller_id=209611492
2025-07-16 09:33:07,639 - INFO - services.picker_service - 60 pedidos cargados
2025-07-16 09:42:05,511 - INFO - services.picker_service - Access token refrescado; seller_id=209611492
2025-07-16 09:42:32,963 - INFO - services.picker_service - 60 pedidos cargados
2025-07-16 10:03:51,786 - INFO - services.picker_service - Access token refrescado; seller_id=209611492
2025-07-16 10:04:20,163 - INFO - services.picker_service - 62 pedidos cargados
2025-07-16 10:07:26,594 - INFO - services.picker_service - 12 pedidos cargados
2025-07-16 10:09:21,092 - INFO - services.picker_service - 12 pedidos cargados
2025-07-16 10:10:26,355 - INFO - services.picker_service - 62 pedidos cargados
2025-07-16 10:17:55,427 - INFO - services.picker_service - Access token refrescado; seller_id=209611492
2025-07-16 10:18:52,620 - INFO - services.picker_service - 122 pedidos cargados
2025-07-16 10:25:08,614 - INFO - services.picker_service - Access token refrescado; seller_id=209611492
2025-07-16 10:25:36,500 - INFO - services.picker_service - 63 pedidos cargados
2025-07-16 10:37:02,155 - INFO - services.picker_service - Access token refrescado; seller_id=209611492
2025-07-16 10:37:31,144 - INFO - services.picker_service - 63 pedidos cargados
2025-07-16 10:40:08,317 - INFO - services.picker_service - Access token refrescado; seller_id=209611492
2025-07-16 10:40:37,278 - INFO - services.picker_service - 64 pedidos cargados
2025-07-16 10:41:08,327 - INFO - services.picker_service - Access token refrescado; seller_id=209611492
2025-07-16 10:41:14,767 - INFO - services.picker_service - 14 pedidos cargados
2025-07-16 10:45:32,069 - INFO - services.picker_service - Access token refrescado; seller_id=209611492
2025-07-16 10:45:38,735 - INFO - services.picker_service - 14 pedidos cargados
2025-07-16 10:47:22,635 - INFO - services.picker_service - Access token refrescado; seller_id=209611492
2025-07-16 10:47:29,757 - INFO - services.picker_service - 15 pedidos cargados
2025-07-16 10:48:10,311 - INFO - services.picker_service - 15 pedidos cargados
2025-07-16 10:48:53,807 - INFO - services.picker_service - 65 pedidos cargados
2025-07-16 10:51:35,333 - INFO - services.picker_service - Access token refrescado; seller_id=209611492
2025-07-16 10:52:05,277 - INFO - services.picker_service - 65 pedidos cargados
2025-07-16 10:58:02,710 - INFO - services.picker_service - Access token refrescado; seller_id=209611492
2025-07-16 10:58:32,339 - INFO - services.picker_service - 66 pedidos cargados
2025-07-16 11:00:21,551 - INFO - services.picker_service - Access token refrescado; seller_id=209611492
2025-07-16 11:00:51,087 - INFO - services.picker_service - 66 pedidos cargados
2025-07-16 11:03:20,422 - INFO - services.picker_service - Access token refrescado; seller_id=209611492
2025-07-16 11:03:50,077 - INFO - services.picker_service - 66 pedidos cargados
2025-07-16 11:10:11,717 - INFO - services.picker_service - Access token refrescado; seller_id=209611492
2025-07-16 11:10:45,082 - INFO - services.picker_service - 66 pedidos cargados
2025-07-16 11:40:54,963 - INFO - services.picker_service - Access token refrescado; seller_id=209611492
2025-07-16 11:41:17,705 - INFO - services.picker_service - Access token refrescado; seller_id=209611492
2025-07-16 11:41:49,860 - INFO - services.picker_service - 68 pedidos cargados
2025-07-16 12:11:06,373 - INFO - services.picker_service - Access token refrescado; seller_id=209611492
2025-07-16 12:11:15,180 - INFO - services.picker_service - 18 pedidos cargados
2025-07-16 12:13:29,085 - INFO - services.picker_service - Access token refrescado; seller_id=209611492
2025-07-16 12:13:37,467 - INFO - services.picker_service - Access token refrescado; seller_id=209611492
2025-07-16 12:13:45,800 - INFO - services.picker_service - 18 pedidos cargados
2025-07-16 12:47:12,400 - INFO - services.picker_service - 68 pedidos cargados
2025-07-16 12:59:36,394 - INFO - services.picker_service - Access token refrescado; seller_id=209611492
2025-07-16 13:00:09,322 - INFO - services.picker_service - 69 pedidos cargados
2025-07-16 13:01:16,594 - ERROR - services.picker_service - Error send_stock_movement: name 'timezone' is not defined
2025-07-16 13:02:38,791 - ERROR - services.picker_service - Error send_stock_movement: name 'timezone' is not defined
2025-07-16 13:03:00,362 - INFO - services.picker_service - Access token refrescado; seller_id=209611492
2025-07-16 13:03:08,439 - INFO - services.picker_service - Access token refrescado; seller_id=209611492
2025-07-16 13:03:40,417 - INFO - services.picker_service - 69 pedidos cargados
2025-07-16 13:06:33,368 - INFO - services.picker_service - Access token refrescado; seller_id=209611492
2025-07-16 13:07:06,286 - INFO - services.picker_service - 69 pedidos cargados
2025-07-16 13:07:28,636 - INFO - api.dragonfish_api - Dragonfish movimiento INTENTO 1/10
2025-07-16 13:07:31,349 - INFO - api.dragonfish_api - Dragonfish movement OK – status 201
2025-07-16 13:26:58,832 - INFO - services.picker_service - Access token refrescado; seller_id=209611492
2025-07-16 13:27:35,263 - INFO - services.picker_service - 71 pedidos cargados
2025-07-16 14:26:48,583 - INFO - services.picker_service - Access token refrescado; seller_id=209611492
2025-07-16 14:27:23,503 - INFO - services.picker_service - 72 pedidos cargados
2025-07-16 14:28:47,982 - INFO - services.picker_service - 72 pedidos cargados
2025-07-16 14:31:19,462 - INFO - services.picker_service - Access token refrescado; seller_id=209611492
2025-07-16 14:31:56,578 - INFO - services.picker_service - 72 pedidos cargados
2025-07-16 14:51:53,187 - INFO - services.picker_service - Access token refrescado; seller_id=209611492
2025-07-16 14:52:28,582 - INFO - services.picker_service - 73 pedidos cargados
2025-07-16 14:55:22,492 - INFO - services.picker_service - Access token refrescado; seller_id=209611492
2025-07-16 14:55:56,628 - INFO - services.picker_service - 73 pedidos cargados
2025-07-16 14:58:32,564 - INFO - services.picker_service - Access token refrescado; seller_id=209611492
2025-07-16 14:59:08,357 - INFO - services.picker_service - 73 pedidos cargados
2025-07-16 15:01:35,455 - INFO - services.picker_service - Access token refrescado; seller_id=209611492
2025-07-16 15:02:10,523 - INFO - services.picker_service - 73 pedidos cargados
2025-07-16 15:05:11,372 - INFO - services.picker_service - Access token refrescado; seller_id=209611492
2025-07-16 15:06:00,109 - INFO - services.picker_service - 74 pedidos cargados
2025-07-16 16:33:22,554 - INFO - services.picker_service - Access token refrescado; seller_id=209611492
2025-07-16 16:33:59,017 - INFO - services.picker_service - 77 pedidos cargados
2025-07-16 16:35:18,476 - INFO - services.picker_service - 77 pedidos cargados
2025-07-16 17:01:30,951 - INFO - services.picker_service - Access token refrescado; seller_id=209611492
2025-07-16 17:02:08,881 - INFO - services.picker_service - 78 pedidos cargados
2025-07-17 09:44:20,735 - INFO - services.picker_service - Access token refrescado; seller_id=209611492
2025-07-17 09:44:47,124 - INFO - services.picker_service - 54 pedidos cargados
2025-07-17 09:48:22,713 - INFO - services.picker_service - 56 pedidos cargados
2025-07-17 10:00:21,092 - INFO - services.picker_service - 56 pedidos cargados
2025-07-17 10:12:22,307 - INFO - services.picker_service - 57 pedidos cargados
